<?xml version="1.0" encoding="UTF-8" ?>
<testsuite tests="7" failures="1" name="TestSuite" time="0.603" errors="0" skipped="6">
  <properties>
[...]
</properties>
  <testcase classname="com.zemoso.tests.SeleniumAmazonTest" name="beforeSuite" time="0.573">
    <failure message="javax/xml/bind/DatatypeConverter" type="java.lang.NoClassDefFoundError">java.lang.NoClassDefFoundError: javax/xml/bind/DatatypeConverter
	at com.codepine.api.testrail.Request.execute(Request.java:114)
	at config.TestRailConfig.initialize(TestRailConfig.java:21)
	at config.InitialConfig.&lt;init&gt;(InitialConfig.java:29)
	at com.zemoso.tests.SeleniumAmazonTest.beforeSuite(SeleniumAmazonTest.java:25)
Caused by: java.lang.ClassNotFoundException: javax.xml.bind.DatatypeConverter
	at java.base/jdk.internal.loader.BuiltinClassLoader.loadClass(BuiltinClassLoader.java:581)
	at java.base/jdk.internal.loader.ClassLoaders$AppClassLoader.loadClass(ClassLoaders.java:178)
	at java.base/java.lang.ClassLoader.loadClass(ClassLoader.java:522)
	... 33 more
</failure>
    <system-out>Configuring TestNG with: org.apache.maven.surefire.testng.conf.TestNG652Configurator@2471cca7
</system-out>
  </testcase>
  <testcase classname="com.zemoso.tests.YourOrdersTest" name="tc005_showLastYearOrders" time="0">
    <skipped/>
  </testcase>
  <testcase classname="com.zemoso.tests.AddressAdditionTest" name="tc005_addAndVerifyAddress" time="0">
    <skipped/>
  </testcase>
  <testcase classname="com.zemoso.tests.SeleniumAmazonTest" name="tc001_testAddingItemToCart" time="0">
    <skipped/>
  </testcase>
  <testcase classname="com.zemoso.tests.SeleniumAmazonTest" name="tc002_searchForMobilesAndAddLastToCart" time="0">
    <skipped/>
  </testcase>
  <testcase classname="com.zemoso.tests.AddNewPaymentTest" name="tc0006_addAPaymentMethod" time="0">
    <skipped/>
  </testcase>
  <testcase classname="com.zemoso.tests.SeleniumAmazonTest" name="suiteTeardown" time="0.03">
    <skipped/>
  </testcase>
</testsuite>